[28/8/2023, 4:29:06 pm] [object Object]
[28/8/2023, 4:36:07 pm] [object Object]
[29/8/2023, 2:51:47 pm] [Task Name]Tesbbnsj
[29/8/2023, 2:53:07 pm] [Task Name]add
[29/8/2023, 2:53:08 pm] [Task Name]add
[29/8/2023, 3:00:57 pm] [Task Name]sddf
[29/8/2023, 3:04:14 pm] [Task Name]wjdsl
[29/8/2023, 3:05:20 pm] [Task Name]wer
[29/8/2023, 3:05:34 pm] [Task Name]akkdkk
[29/8/2023, 3:06:08 pm] [ERROR] Error in getTaskDetails: AxiosError: Request failed with status code 404
[29/8/2023, 3:06:43 pm] [Task Name]axc
[29/8/2023, 3:07:14 pm] [Task Name]dd
[29/8/2023, 3:07:51 pm] [ERROR] Error in getTaskDetails: AxiosError: Request failed with status code 404
[29/8/2023, 3:08:20 pm] [Task Name]ad1
[29/8/2023, 3:08:23 pm] [INFO] ad1 Task Creation Completed
[29/8/2023, 3:08:54 pm] [Task Name]asdf
[29/8/2023, 3:08:56 pm] [INFO] asdf Task Creation Completed
[29/8/2023, 3:09:00 pm] [Task Name]qwer
[29/8/2023, 3:09:01 pm] [INFO] qwer Task Creation Completed
[29/8/2023, 3:24:36 pm] [Task Name]Test 100
[29/8/2023, 3:24:38 pm] [INFO] Test 100 Task Creation Completed
[29/8/2023, 3:24:45 pm] [INFO] Task Updation Completed
[29/8/2023, 3:25:11 pm] [Task Name]test 101
[29/8/2023, 3:25:13 pm] [INFO] test 101 Task Creation Completed
[29/8/2023, 3:25:23 pm] [INFO] Task Updation Completed
[29/8/2023, 3:26:42 pm] [INFO] Task Updation Completed
[29/8/2023, 3:27:19 pm] [INFO] Task Updation Completed
[30/8/2023, 12:03:05 pm] [Task Name]Test 100
[30/8/2023, 12:03:07 pm] [INFO] Test 100 Task Creation Completed
[30/8/2023, 12:03:34 pm] [INFO] Task Updation Completed
[30/8/2023, 12:04:06 pm] [INFO] Task Updation Completed
[30/8/2023, 12:04:17 pm] [Task Name]Test 100
[30/8/2023, 12:04:19 pm] [INFO] Test 100 Task Creation Completed
[30/8/2023, 12:04:38 pm] [INFO] Task Updation Completed
[30/8/2023, 1:19:10 pm] [Task Name]Test 10
[30/8/2023, 1:19:12 pm] [INFO] Test 10 Task Creation Completed
[30/8/2023, 1:19:43 pm] [INFO] Task Updation Completed
[30/8/2023, 1:21:37 pm] [INFO] Task Updation Completed
[30/8/2023, 1:22:21 pm] [Task Name]Test 10
[30/8/2023, 1:22:23 pm] [INFO] Test 10 Task Creation Completed
[30/8/2023, 1:26:14 pm] [Task Name]Test 10
[30/8/2023, 1:26:16 pm] [INFO] Test 10 Task Creation Completed
[30/8/2023, 7:51:16 pm] [Task Name]Test 100
[30/8/2023, 7:51:19 pm] [INFO] Test 100 Task Creation Completed
[30/8/2023, 7:52:56 pm] [INFO] Task Updation Completed
[31/8/2023, 3:29:36 pm] [ERROR] Error in getTaskDetails: AxiosError: Request failed with status code 404
[31/8/2023, 3:29:36 pm] [ERROR] Error in getTaskDetails: AxiosError: Request failed with status code 404
[31/8/2023, 3:29:37 pm] [ERROR] Error in getTaskDetails: AxiosError: Request failed with status code 404
[31/8/2023, 3:29:37 pm] [ERROR] Error in getTaskDetails: AxiosError: Request failed with status code 404
[31/8/2023, 3:33:14 pm] [ERROR] Error in getTaskDetails: AxiosError: Request failed with status code 404
[31/8/2023, 3:33:15 pm] [ERROR] Error in getTaskDetails: AxiosError: Request failed with status code 404
[31/8/2023, 3:33:15 pm] [ERROR] Error in getTaskDetails: AxiosError: Request failed with status code 404
[31/8/2023, 3:33:15 pm] [ERROR] Error in getTaskDetails: AxiosError: Request failed with status code 404
[31/8/2023, 3:35:33 pm] [ERROR] Error in getTaskDetails: AxiosError: Request failed with status code 404
[31/8/2023, 3:35:34 pm] [ERROR] Error in getTaskDetails: AxiosError: Request failed with status code 404
[31/8/2023, 3:35:34 pm] [ERROR] Error in getTaskDetails: AxiosError: Request failed with status code 404
[31/8/2023, 3:35:34 pm] [ERROR] Error in getTaskDetails: AxiosError: Request failed with status code 404
[31/8/2023, 3:36:16 pm] [ERROR] Error in getTaskDetails: AxiosError: Request failed with status code 404
[31/8/2023, 3:36:17 pm] [ERROR] Error in getTaskDetails: AxiosError: Request failed with status code 404
[31/8/2023, 3:36:17 pm] [ERROR] Error in getTaskDetails: AxiosError: Request failed with status code 404
[31/8/2023, 3:36:18 pm] [ERROR] Error in getTaskDetails: AxiosError: Request failed with status code 404
[31/8/2023, 3:36:51 pm] [ERROR] Error in getTaskDetails: AxiosError: Request failed with status code 404
[31/8/2023, 3:36:51 pm] [ERROR] Error in getTaskDetails: AxiosError: Request failed with status code 404
[31/8/2023, 3:36:52 pm] [ERROR] Error in getTaskDetails: AxiosError: Request failed with status code 404
[31/8/2023, 3:36:53 pm] [ERROR] Error in getTaskDetails: AxiosError: Request failed with status code 404
[31/8/2023, 3:39:12 pm] [ERROR] Error in getTaskDetails: AxiosError: Request failed with status code 404
[31/8/2023, 3:39:12 pm] [ERROR] Error in getTaskDetails: AxiosError: Request failed with status code 404
[31/8/2023, 3:39:14 pm] [ERROR] Error in getTaskDetails: AxiosError: Request failed with status code 404
[31/8/2023, 3:39:14 pm] [ERROR] Error in getTaskDetails: AxiosError: Request failed with status code 404
[31/8/2023, 3:39:39 pm] [ERROR] Error in getTaskDetails: AxiosError: Request failed with status code 404
[31/8/2023, 3:39:39 pm] [ERROR] Error in getTaskDetails: AxiosError: Request failed with status code 404
[31/8/2023, 3:39:40 pm] [ERROR] Error in getTaskDetails: AxiosError: Request failed with status code 404
[31/8/2023, 3:39:40 pm] [ERROR] Error in getTaskDetails: AxiosError: Request failed with status code 404
[31/8/2023, 3:42:21 pm] [ERROR] Error in getTaskDetails: AxiosError: Request failed with status code 404
[31/8/2023, 3:42:21 pm] [ERROR] Error in getTaskDetails: AxiosError: Request failed with status code 404
[31/8/2023, 3:42:22 pm] [ERROR] Error in getTaskDetails: AxiosError: Request failed with status code 404
[31/8/2023, 3:42:22 pm] [ERROR] Error in getTaskDetails: AxiosError: Request failed with status code 404
[31/8/2023, 3:42:38 pm] [ERROR] Error in getTaskDetails: AxiosError: Request failed with status code 404
[31/8/2023, 3:42:39 pm] [ERROR] Error in getTaskDetails: AxiosError: Request failed with status code 404
[31/8/2023, 3:42:39 pm] [ERROR] Error in getTaskDetails: AxiosError: Request failed with status code 404
[31/8/2023, 3:42:39 pm] [ERROR] Error in getTaskDetails: AxiosError: Request failed with status code 404
[31/8/2023, 3:43:01 pm] [ERROR] Error in getTaskDetails: AxiosError: Request failed with status code 404
[31/8/2023, 3:43:02 pm] [ERROR] Error in getTaskDetails: AxiosError: Request failed with status code 404
[31/8/2023, 3:43:03 pm] [ERROR] Error in getTaskDetails: AxiosError: Request failed with status code 404
[31/8/2023, 3:43:04 pm] [ERROR] Error in getTaskDetails: AxiosError: Request failed with status code 404
[31/8/2023, 3:51:45 pm] [Task Name]Visualizing Web Scrapped Data
[31/8/2023, 3:53:08 pm] [Task Name]Visualizing Web Scrapped Data
[31/8/2023, 3:56:18 pm] [Task Name]Visualizing Web Scrapped Data
[31/8/2023, 4:01:03 pm] [Task Name]Visualizing Web Scrapped Data
[31/8/2023, 4:01:53 pm] [Task Name]DEEKko
[31/8/2023, 4:01:55 pm] [INFO] DEEKko Task Creation Completed
[31/8/2023, 4:02:07 pm] [Task Name]Demoooo
[31/8/2023, 4:02:09 pm] [INFO] Demoooo Task Creation Completed
[31/8/2023, 4:06:58 pm] [Task Name]Demoooo
[31/8/2023, 4:07:00 pm] [INFO] Demoooo Task Creation Completed
[31/8/2023, 4:15:40 pm] [Task Name]Visualizing Web Scrapped Data
[31/8/2023, 4:27:09 pm] [Task Name]Visualizing Web Scrapped Data
[31/8/2023, 4:28:41 pm] [Task Name]Visualizing Web Scrapped Data
[31/8/2023, 4:30:23 pm] [Task Name]Visualizing Web Scrapped Data
[31/8/2023, 4:30:25 pm] [INFO] Visualizing Web Scrapped Data Task Creation Completed
[31/8/2023, 5:54:54 pm] [ERROR] Error getting document from firebase: Error: 7 PERMISSION_DENIED: Missing or insufficient permissions.
[31/8/2023, 5:54:58 pm] [Task Name]Test 200
[31/8/2023, 5:55:00 pm] [INFO] Test 200 Task Creation Completed
[31/8/2023, 6:05:40 pm] [ERROR] Error getting document from firebase: Error: 7 PERMISSION_DENIED: Missing or insufficient permissions.
[31/8/2023, 6:05:43 pm] [Task Name]Test 200
[31/8/2023, 6:05:46 pm] [INFO] Test 200 Task Creation Completed
[31/8/2023, 6:10:05 pm] [Task Name]Test 201
[31/8/2023, 6:10:07 pm] [INFO] Test 201 Task Creation Completed
[31/8/2023, 6:24:36 pm] [Task Name]Test 310
[31/8/2023, 6:24:38 pm] [INFO] Test 310 Task Creation Completed
